<?xml version="1.0" encoding="UTF-8"?>
<testsuite name="com.app.server.service.aaaboundedcontext.authentication.LoginTestCase" tests="6" skipped="0" failures="0" errors="0" timestamp="2016-03-14T11:45:43" hostname="0ac02da9f065" time="2.978">
  <properties/>
  <testcase name="test1Save" classname="com.app.server.service.aaaboundedcontext.authentication.LoginTestCase" time="1.775"/>
  <testcase name="test2Update" classname="com.app.server.service.aaaboundedcontext.authentication.LoginTestCase" time="0.1"/>
  <testcase name="test3FindById" classname="com.app.server.service.aaaboundedcontext.authentication.LoginTestCase" time="0.02"/>
  <testcase name="test4Delete" classname="com.app.server.service.aaaboundedcontext.authentication.LoginTestCase" time="1.036"/>
  <testcase name="testNQFindMappedUser" classname="com.app.server.service.aaaboundedcontext.authentication.LoginTestCase" time="0.029"/>
  <testcase name="testNQFindUnMappedUser" classname="com.app.server.service.aaaboundedcontext.authentication.LoginTestCase" time="0.017"/>
  <system-out><![CDATA[[EL Fine]: sql: 2016-03-14 11:45:43.887--ClientSession(600189066)--Connection(330539551)--Thread(Thread[Test worker,5,main])--INSERT INTO ast_Title_M (titleId, titles, versionId, createdBy, createdDate, updatedBy, updatedDate, activeStatus, txnAccessCode) VALUES (?, ?, ?, ?, ?, ?, ?, ?, ?)
	bind => [8AB172D6-22CC-4C62-A229-4006DF3F63EB, nULX63EzlbDmb1MkyzvzvrMb9FP1KltnJ69lZR9FN4V7EF0r6d, 1, AAAAA, 2016-03-14 11:45:43.817, null, 2016-03-14 11:45:43.817, 1, 51000]
[EL Fine]: sql: 2016-03-14 11:45:44.019--ClientSession(162756793)--Connection(330539551)--Thread(Thread[Test worker,5,main])--INSERT INTO ast_Language_M (languageId, alpha2, alpha3, alpha4, alpha4parentid, language, languageDescription, languageIcon, languageType, versionId, createdBy, createdDate, updatedBy, updatedDate, activeStatus, txnAccessCode) VALUES (?, ?, ?, ?, ?, ?, ?, ?, ?, ?, ?, ?, ?, ?, ?, ?)
	bind => [D365EA8D-50DF-4466-B4DA-237BCB756C7D, wl, Fy7, xZRX, 2, Mf5942uN5penrlt79EL63pwHnjl0m87b0yYdxAIis8CEqUc59F, GgANBSPxqqTNqKJZHteNoQhVoNoELDXrEvxxysf5FvoZU4bzZa, I6APHfMCZciIJqPTArHmjSdPNdKUetAjGgNlXumrTjmOZMh303, 5uWq9OJJeO0hI4KIrao0ejlAgRubwgbb, 1, AAAAA, 2016-03-14 11:45:43.96, null, 2016-03-14 11:45:43.96, 1, 51000]
[EL Fine]: sql: 2016-03-14 11:45:44.116--ClientSession(931079451)--Connection(330539551)--Thread(Thread[Test worker,5,main])--INSERT INTO ast_Gender_M (genderId, gender, versionId, createdBy, createdDate, updatedBy, updatedDate, activeStatus, txnAccessCode) VALUES (?, ?, ?, ?, ?, ?, ?, ?, ?)
	bind => [8B8A3A97-5336-486D-8A52-AA4829C14D7D, 7D4zkU0UePOnjUB2QQsFSUWPoh3pWUgaRRqZlbx9KslITVB6Zv, 1, AAAAA, 2016-03-14 11:45:44.05, null, 2016-03-14 11:45:44.05, 1, 51000]
[EL Fine]: sql: 2016-03-14 11:45:44.23--ClientSession(1009662339)--Connection(330539551)--Thread(Thread[Test worker,5,main])--INSERT INTO ast_Timezone_M (timeZoneId, cities, country, gmtLabel, timeZoneLabel, utcdifference, versionId, createdBy, createdDate, updatedBy, updatedDate, activeStatus, txnAccessCode) VALUES (?, ?, ?, ?, ?, ?, ?, ?, ?, ?, ?, ?, ?)
	bind => [9F18610F-F52C-4C7D-8109-7BE4B6EE6276, B7QdDQJYM7BOL0yvphafRC7yMWcTwsT9LZuLPL0lMMnINUlbsB, 3Hxo7ApGPHX3PiOWieu1Nr29pQBCNOjcqmdfe8AEV0YwT1H4aC, 02CcTg6SvBqm2406Z3yxqHTuT9ozjG1EWHbGhq3atVq8IwvQy9, 0D2PorqRROjTp6E9FZZZiSxd6xNypfET6Pc8myac0VzvCdFg08, 6, 1, AAAAA, 2016-03-14 11:45:44.158, null, 2016-03-14 11:45:44.158, 1, 51000]
[EL Fine]: sql: 2016-03-14 11:45:44.341--ClientSession(1180553697)--Connection(330539551)--Thread(Thread[Test worker,5,main])--INSERT INTO ast_Country_M (countryId, capital, capitalLatitude, capitalLongitude, countryCode1, countryCode2, countryFlag, countryName, currencyCode, currencyName, currencySymbol, isoNumeric, versionId, createdBy, createdDate, updatedBy, updatedDate, activeStatus, txnAccessCode) VALUES (?, ?, ?, ?, ?, ?, ?, ?, ?, ?, ?, ?, ?, ?, ?, ?, ?, ?, ?)
	bind => [FB3441EB-2103-4D6A-8387-BB5EC0151878, FxwjQgHjU64YiUVW8RJbpYtvKdZtri5M, 3, 11, hq5, ivA, d2vbUGbr108RPhjmHoCbh7kbjfQHEOIIGeMY7ld8txzvH2lBNy, U7K7TUQ5XpFrZlX8A259aU8rC2SVTb2kD6XvZL1n12nsToqCEu, oCe, 5K3hpWON8CWMCTYJeQEIvFGm436wk4ay14YWkAdzLJGZLVpKLZ, XmdwCtG1493DsLt4ulIjxlpW51dEHLm5, 8, 1, AAAAA, 2016-03-14 11:45:44.266, null, 2016-03-14 11:45:44.266, 1, 51000]
[EL Fine]: sql: 2016-03-14 11:45:44.487--ClientSession(1558671403)--Connection(330539551)--Thread(Thread[Test worker,5,main])--INSERT INTO ast_State_M (stateId, countryId, stateCapital, stateCapitalLatitude, stateCapitalLongitude, stateCode, stateCodeChar2, stateCodeChar3, stateDescription, stateFlag, stateName, versionId, createdBy, createdDate, updatedBy, updatedDate, activeStatus, txnAccessCode) VALUES (?, ?, ?, ?, ?, ?, ?, ?, ?, ?, ?, ?, ?, ?, ?, ?, ?, ?)
	bind => [8BC76C70-56DF-475A-A20F-801BFF512578, FB3441EB-2103-4D6A-8387-BB5EC0151878, SyKEVhfiaEcfZpsgdfcrp3Ww7Ew1PoGP0yhIt7OIf3zvlis5Na, 6, 4, 1, cqpHPnvjoxHSDVL8WNeHsefaaFYK72wQ, lRYCx1VjSNepfFi6LjlrTTxkfAHWRC1d, 6e5MyzTtr575QILCTPN1oEsK8esgkVCYNVptbktm3MhMzg7SMS, He6TgEjwqiGcrqSSCqoBvJ3c9xjey6pjWCjsMTGkhRjTYYoVEt, RBWZR9k5o7kqeXbFfV1E3XaKRdm7Ccl3w5DzeSV7hLoSyGL5OB, 1, AAAAA, 2016-03-14 11:45:44.266, null, 2016-03-14 11:45:44.266, 1, 51000]
[EL Fine]: sql: 2016-03-14 11:45:44.616--ClientSession(1770478373)--Connection(330539551)--Thread(Thread[Test worker,5,main])--INSERT INTO ast_City_M (cityId, cityCode, cityCodeChar2, cityDescription, cityFlag, cityLatitude, cityLongitude, cityName, countryId, stateId, versionId, createdBy, createdDate, updatedBy, updatedDate, activeStatus, txnAccessCode) VALUES (?, ?, ?, ?, ?, ?, ?, ?, ?, ?, ?, ?, ?, ?, ?, ?, ?)
	bind => [45A88207-BDAE-40CC-8D9C-F4F7A4AC8047, 3, 51YtNoR5iTXNzENXYrJVaByVbcwggMOU, sFvWNG1G91pPtEu3l9t0GqP0zOI5YDHRi2UdkUhvhUONhMSiYn, 9vZhE0eyAfEecaNHE2CV8wuDTutfCVKZ28DfJheMnoyMex4FYG, 3, 10, JVsxwyJfvrbNbLejBxkWFdFFIyC64xKOPSpLipJ8cVIt86ofdq, FB3441EB-2103-4D6A-8387-BB5EC0151878, 8BC76C70-56DF-475A-A20F-801BFF512578, 1, AAAAA, 2016-03-14 11:45:44.541, null, 2016-03-14 11:45:44.541, 1, 51000]
[EL Fine]: sql: 2016-03-14 11:45:44.782--ClientSession(272871952)--Connection(330539551)--Thread(Thread[Test worker,5,main])--INSERT INTO ast_AddressType_M (addressTypeId, addressType, addressTypeDesc, addressTypeIcon, versionId, createdBy, createdDate, updatedBy, updatedDate, activeStatus, txnAccessCode) VALUES (?, ?, ?, ?, ?, ?, ?, ?, ?, ?, ?)
	bind => [908595CA-634A-4658-B696-19E14785E0CC, BybGbruGx1sVPghXQ33TpWPMTRKjbUrKXXeAnmLxOgKwhD6pxx, tTekF4dcR33oIuKuF6qgX1UvTDtab3Bfz4PPrLTOeT7OfBRbFT, OKnaIv8dlXFXL2ZeEWbSrgv6xR9zmLxA1uQQGhotCKkyNM7Afk, 1, AAAAA, 2016-03-14 11:45:44.657, null, 2016-03-14 11:45:44.657, 1, 51000]
[EL Fine]: sql: 2016-03-14 11:45:44.891--ClientSession(2065823757)--Connection(330539551)--Thread(Thread[Test worker,5,main])--INSERT INTO ast_CommunicationGroup_M (commGroupId, commGroupDescription, commGroupName, versionId, createdBy, createdDate, updatedBy, updatedDate, activeStatus, txnAccessCode) VALUES (?, ?, ?, ?, ?, ?, ?, ?, ?, ?)
	bind => [998D5C8A-B82D-4D55-B1B7-EE89F35C1AC7, HLkPEQYvaL4CuxtTA7w1XJkxcM1wl5stsGHYbkqJBLcWOiqvcY, GJYDh7pk95Z53Pse4CSKujEvF3voAIPPm41LA8zihxIP155pdi, 1, AAAAA, 2016-03-14 11:45:44.822, null, 2016-03-14 11:45:44.822, 1, 51000]
[EL Fine]: sql: 2016-03-14 11:45:44.987--ClientSession(1977980683)--Connection(330539551)--Thread(Thread[Test worker,5,main])--INSERT INTO ast_CommunicationType_M (commType, commGroupId, commTypeDescription, commTypeName, versionId, createdBy, createdDate, updatedBy, updatedDate, activeStatus, txnAccessCode) VALUES (?, ?, ?, ?, ?, ?, ?, ?, ?, ?, ?)
	bind => [C7AE777D-8C56-42EA-B1CF-DB0EA1F3A9E6, 998D5C8A-B82D-4D55-B1B7-EE89F35C1AC7, TKCPfBloiABjccQIHJ6uexZw1nbRXzvpnXDuefNGyBgGM8Fbn4, PyybmcP0HanoKpskgvwk6acVOWencIeVwsKkDpxBvvMGdnjQxy, 1, AAAAA, 2016-03-14 11:45:44.822, null, 2016-03-14 11:45:44.822, 1, 51000]
[EL Fine]: sql: 2016-03-14 11:45:45.049--ClientSession(1934825725)--Connection(330539551)--Thread(Thread[Test worker,5,main])--INSERT INTO ast_UserAccessDomain_M (userAccessDomainId, domainDescription, domainHelp, domainIcon, domainName, userAccessDomain, versionId, createdBy, createdDate, updatedBy, updatedDate, activeStatus, txnAccessCode) VALUES (?, ?, ?, ?, ?, ?, ?, ?, ?, ?, ?, ?, ?)
	bind => [7E62AAB3-7D0D-4663-BDF5-E97591C0550E, zSZxJ6Wc0qgZeDACfWmXmGPyU4Lwv0EAksm0jrOgfv0b8knt0Z, cGR9R5xmGMvzlonH7jtfjdgE9s1RROBvO5iMco7vctiRgkoB9E, cFq9TmrK805VPssmKxJEILRd0TyP5maKq5uoxWsY9oqxR8KmzW, oyvo1v7Pe73qvC3D9TDRuHAv8oJHntBzTA5khLusM1lH7e0X8M, 26778, 1, AAAAA, 2016-03-14 11:45:45.038, null, 2016-03-14 11:45:45.038, 1, 51000]
[EL Fine]: sql: 2016-03-14 11:45:45.103--ClientSession(445941534)--Connection(330539551)--Thread(Thread[Test worker,5,main])--INSERT INTO ast_UserAccessLevel_M (userAccessLevelId, levelDescription, levelHelp, levelIcon, levelName, userAccessLevel, versionId, createdBy, createdDate, updatedBy, updatedDate, activeStatus, txnAccessCode) VALUES (?, ?, ?, ?, ?, ?, ?, ?, ?, ?, ?, ?, ?)
	bind => [3E0B8F11-272D-4EDC-ABBA-054F4B924CBD, dErjqaNXDd7SSWwwGeHorTBxG8ypCjqnPohjuARTxofJ5kp8Pw, STmmWwfBIjbvMyHcEHQgDeVBNOn841xAXsKys0EhUpXxchuYdg, l79aiqZoEV0oaeqE2ny9h1u7uXhtvxKSZixJImqpAOgZxQJMqR, GphVO2kq1vUbuo11QGgm30olfikyeS5s9sb3yKYwtF4E6kS8of, 83896, 1, AAAAA, 2016-03-14 11:45:45.086, null, 2016-03-14 11:45:45.086, 1, 51000]
[EL Fine]: sql: 2016-03-14 11:45:45.176--ClientSession(114582072)--Connection(330539551)--Thread(Thread[Test worker,5,main])--INSERT INTO ast_Question_M (questionId, levelid, question, questionDetails, questionIcon, versionId, createdBy, createdDate, updatedBy, updatedDate, activeStatus, txnAccessCode) VALUES (?, ?, ?, ?, ?, ?, ?, ?, ?, ?, ?, ?)
	bind => [8069EE0B-CCE0-41AE-A528-6E3B276439F7, 1, kkdJ0RbIjeipeI4Ux572z5yDEQ3AF4oyEEUoX4ISjnTRRwyEYt, e, 0RoqgauxmLlfwBMe7JaXVQQNlbORtNBveH96EgUfBSKNUt5vWW, 1, AAAAA, 2016-03-14 11:45:45.127, null, 2016-03-14 11:45:45.127, 1, 51000]
Setting logged in user info for ADD
Setting logged in user info for ADD
Setting logged in user info for ADD
Setting logged in user info for ADD
Setting logged in user info for ADD
Setting logged in user info for ADD
Setting logged in user info for ADD
[EL Fine]: sql: 2016-03-14 11:45:45.428--ClientSession(1972114038)--Connection(330539551)--Thread(Thread[Test worker,5,main])--SELECT timeZoneId FROM ast_Timezone_M WHERE (timeZoneId = ?)
	bind => [9F18610F-F52C-4C7D-8109-7BE4B6EE6276]
[EL Fine]: sql: 2016-03-14 11:45:45.43--ClientSession(1972114038)--Connection(330539551)--Thread(Thread[Test worker,5,main])--INSERT INTO ast_CoreContacts_T (contactId, age, approximateDOB, dateofbirth, emailId, firstName, genderId, lastName, middleName, nativeFirstName, nativeLanguageCode, nativeLastName, nativeMiddleName, nativeTitle, phoneNumber, titleId, versionId, createdBy, createdDate, updatedBy, updatedDate, activeStatus, txnAccessCode, timeZoneId) VALUES (?, ?, ?, ?, ?, ?, ?, ?, ?, ?, ?, ?, ?, ?, ?, ?, ?, ?, ?, ?, ?, ?, ?, ?)
	bind => [656E7D7C-ECB7-454A-B157-5205DBCDE494, 29, 2016-03-14 11:25:38.244, 2016-03-14 11:25:38.283, az4o6fov0gn96lQADh2bcmDod0JyyjtISQR32djjrTj2Us1rK6, ecPCTJutTEnPAgyftj34d0uKJ26tWY4S9GxhfzIYUgwK4pLa9z, 8B8A3A97-5336-486D-8A52-AA4829C14D7D, bhUNs3mcjAfQcV7UQu2rZQan80VLmwYlM4qR7q7vlmnM27Qcba, hfPVroA8sg1NJIGebEB4DGolVrCcCqPOymAWdxLnbPQKGf6dof, QnE4YIB6TngP8wmJ0SYyKEJ3inqs2t6AGHWp4Zjgjg9KuwPbYw, D365EA8D-50DF-4466-B4DA-237BCB756C7D, JXE6Ju8OT8ruXJ8c87JcSGzC6OlY6QqovKqq80JZF9NRghhKV5, 2T4PxvJCFesgLC2CcCNYlRzU7g87W2vAZCqcIq6Rnqz0Sj3jvl, AKTV4duSk2iBHhud8QEVRVRCpDwEmeRO025GXrlpV5VIPSi788, XwT4krzUjXhGjTYomOGD, 8AB172D6-22CC-4C62-A229-4006DF3F63EB, 1, AAAAA, 2016-03-14 11:45:43.817, null, 2016-03-14 11:45:43.817, 1, 51000, 9F18610F-F52C-4C7D-8109-7BE4B6EE6276]
[EL Fine]: sql: 2016-03-14 11:45:45.433--ClientSession(1972114038)--Connection(330539551)--Thread(Thread[Test worker,5,main])--INSERT INTO ast_User_T (userId, allowMultipleLogin, changePasswordNextLogin, genTempOneTimePassword, isDeleted, isLocked, lastPasswordChangeDate, multiFactorAuthEnabled, passwordAlgo, passwordExpiryDate, sessionTimeout, userAccessCode, userAccessDomainId, userAccessLevelId, versionId, createdBy, createdDate, updatedBy, updatedDate, activeStatus, txnAccessCode) VALUES (?, ?, ?, ?, ?, ?, ?, ?, ?, ?, ?, ?, ?, ?, ?, ?, ?, ?, ?, ?, ?)
	bind => [AEE432D4-C2E4-4BBB-B7C9-3B6ABE471C2C, 1, 1, 1, 1, 1, 2016-03-14 11:25:38.768, 1, MDJo6cyhBgoo2wRfkzDR0RbBgrrBVyMCAner3PhwKarRfLMXhA, 2016-03-14 11:25:38.808, 629, 59338, 7E62AAB3-7D0D-4663-BDF5-E97591C0550E, 3E0B8F11-272D-4EDC-ABBA-054F4B924CBD, 1, AAAAA, 2016-03-14 11:45:45.038, null, 2016-03-14 11:45:45.038, 1, 51000]
[EL Fine]: sql: 2016-03-14 11:45:45.435--ClientSession(1972114038)--Connection(330539551)--Thread(Thread[Test worker,5,main])--INSERT INTO ast_Login_T (loginPk, failedLoginAttempts, loginId, serverAuthImage, serverAuthText, versionId, createdBy, createdDate, updatedBy, updatedDate, activeStatus, txnAccessCode, contactId, userId) VALUES (?, ?, ?, ?, ?, ?, ?, ?, ?, ?, ?, ?, ?, ?)
	bind => [CF64B4B7-9B37-476F-ADCF-D1323C08FBB7, 10, aVPqiGt0bxQB0EgSHUs4daqsJtrdtNptw1uOkMkzaHqG3sU46f, 0ibA1UTBAg6ZLmospt1Y7QFezV5JR8uW, z0Bchu79ekbWRy6h, 1, AAAAA, 2016-03-14 11:45:45.319, null, 2016-03-14 11:45:45.319, 1, 51000, 656E7D7C-ECB7-454A-B157-5205DBCDE494, AEE432D4-C2E4-4BBB-B7C9-3B6ABE471C2C]
[EL Fine]: sql: 2016-03-14 11:45:45.437--ClientSession(1972114038)--Connection(330539551)--Thread(Thread[Test worker,5,main])--INSERT INTO ast_PassRecovery_TP (passRecoveryId, answer, questionId, versionId, createdBy, createdDate, updatedBy, updatedDate, activeStatus, txnAccessCode, userId) VALUES (?, ?, ?, ?, ?, ?, ?, ?, ?, ?, ?)
	bind => [775809A8-06DF-497E-8F7E-1C8F1D27ED72, xxuVbKRH4PoMRCm4IeQqjDQPfMQaYqiHMMJM0bQQkiUr0w2t1M, 8069EE0B-CCE0-41AE-A528-6E3B276439F7, 1, AAAAA, 2016-03-14 11:45:45.127, null, 2016-03-14 11:45:45.127, 1, 51000, AEE432D4-C2E4-4BBB-B7C9-3B6ABE471C2C]
[EL Fine]: sql: 2016-03-14 11:45:45.439--ClientSession(1972114038)--Connection(330539551)--Thread(Thread[Test worker,5,main])--INSERT INTO ast_UserData_TP (userDataId, last5Passwords, oneTimePassword, oneTimePasswordExpiry, oneTimePasswordGenDate, password, versionId, createdBy, createdDate, updatedBy, updatedDate, activeStatus, txnAccessCode, userId) VALUES (?, ?, ?, ?, ?, ?, ?, ?, ?, ?, ?, ?, ?, ?)
	bind => [344FDE61-BD26-4E59-8571-08ED53B7A687, AiC1UtycPVnvQ16MrTWDowbxMAyrcC1pNGYtjDLbDqoEAzGEU6, I6BKTlp1N0paNB518g0Zzvk3ElZ3MTOx, 3, 2016-03-14 11:25:39.092, V3ymEBXmzBAgWzUWcp8ywMSec5gIlbFDrHunbDjR6fmwjWCFRQ, 1, AAAAA, 2016-03-14 11:45:45.319, null, 2016-03-14 11:45:45.319, 1, 51000, AEE432D4-C2E4-4BBB-B7C9-3B6ABE471C2C]
[EL Fine]: sql: 2016-03-14 11:45:45.442--ClientSession(1972114038)--Connection(330539551)--Thread(Thread[Test worker,5,main])--INSERT INTO ast_CommunicationData_TP (commDataId, commData, commGroupId, commType, versionId, createdBy, createdDate, updatedBy, updatedDate, activeStatus, txnAccessCode) VALUES (?, ?, ?, ?, ?, ?, ?, ?, ?, ?, ?)
	bind => [64DA8989-3805-4475-9F36-C0A9B498D80F, 3, 998D5C8A-B82D-4D55-B1B7-EE89F35C1AC7, C7AE777D-8C56-42EA-B1CF-DB0EA1F3A9E6, 1, AAAAA, 2016-03-14 11:45:44.822, null, 2016-03-14 11:45:44.822, 1, 51000]
[EL Fine]: sql: 2016-03-14 11:45:45.444--ClientSession(1972114038)--Connection(330539551)--Thread(Thread[Test worker,5,main])--INSERT INTO ast_Address_T (addressId, address1, address2, address3, addressLabel, addressTypeId, cityId, countryId, latitude, longitude, stateId, versionId, zipcode, createdBy, createdDate, updatedBy, updatedDate, activeStatus, txnAccessCode) VALUES (?, ?, ?, ?, ?, ?, ?, ?, ?, ?, ?, ?, ?, ?, ?, ?, ?, ?, ?)
	bind => [54CA3801-ED12-4FDC-9540-CC2807C78737, cQ5CYqm62Ym9jTMlQNiLj4FagDj4n0rbuiP5FlNlZA4IqwvtEE, i7GbcAnpvuH0z10eF2JgC8x5mOJnVOwROkAxtXCIShrTSG4SuK, hsiOcs2cfCivzWCXFeyEdFrHiHpqFKMMRyNtpQB07JxvYzGggI, GM5XPESCndb, 908595CA-634A-4658-B696-19E14785E0CC, 45A88207-BDAE-40CC-8D9C-F4F7A4AC8047, FB3441EB-2103-4D6A-8387-BB5EC0151878, EoVLvMzn02o64OUZl6MylQg5tksBpX9Sd28zVkpONguMGqPye5, Ow0EIuFuesXt5YTpoV6wGWhFcJ3zmTgv3OFQ5PTyiaEhJMfnmD, 8BC76C70-56DF-475A-A20F-801BFF512578, 1, xsTQCB, AAAAA, 2016-03-14 11:45:44.266, null, 2016-03-14 11:45:44.266, 1, 51000]
[EL Fine]: sql: 2016-03-14 11:45:45.517--ClientSession(1972114038)--Connection(330539551)--Thread(Thread[Test worker,5,main])--INSERT INTO ast_AddressMap_B (addressId, contactId) VALUES (?, ?)
	bind => [54CA3801-ED12-4FDC-9540-CC2807C78737, 656E7D7C-ECB7-454A-B157-5205DBCDE494]
[EL Fine]: sql: 2016-03-14 11:45:45.518--ClientSession(1972114038)--Connection(330539551)--Thread(Thread[Test worker,5,main])--INSERT INTO ast_CommunicationMap_B (commDataId, contactId) VALUES (?, ?)
	bind => [64DA8989-3805-4475-9F36-C0A9B498D80F, 656E7D7C-ECB7-454A-B157-5205DBCDE494]
[EL Fine]: sql: 2016-03-14 11:45:45.552--ClientSession(273748360)--Connection(330539551)--Thread(Thread[Test worker,5,main])--SELECT loginPk, failedLoginAttempts, loginId, serverAuthImage, serverAuthText, versionId, createdBy, createdDate, updatedBy, updatedDate, activeStatus, txnAccessCode, contactId, userId FROM ast_Login_T WHERE ((activeStatus = ?) AND (loginPk = ?))
	bind => [1, CF64B4B7-9B37-476F-ADCF-D1323C08FBB7]
[EL Fine]: sql: 2016-03-14 11:45:45.553--ClientSession(273748360)--Connection(330539551)--Thread(Thread[Test worker,5,main])--SELECT contactId, age, approximateDOB, dateofbirth, emailId, firstName, genderId, lastName, middleName, nativeFirstName, nativeLanguageCode, nativeLastName, nativeMiddleName, nativeTitle, phoneNumber, titleId, versionId, createdBy, createdDate, updatedBy, updatedDate, activeStatus, txnAccessCode, timeZoneId FROM ast_CoreContacts_T WHERE (contactId = ?)
	bind => [656E7D7C-ECB7-454A-B157-5205DBCDE494]
[EL Fine]: sql: 2016-03-14 11:45:45.555--ClientSession(273748360)--Connection(330539551)--Thread(Thread[Test worker,5,main])--SELECT timeZoneId, cities, country, gmtLabel, timeZoneLabel, utcdifference, versionId, createdBy, createdDate, updatedBy, updatedDate, activeStatus, txnAccessCode FROM ast_Timezone_M WHERE (timeZoneId = ?)
	bind => [9F18610F-F52C-4C7D-8109-7BE4B6EE6276]
[EL Fine]: sql: 2016-03-14 11:45:45.558--ClientSession(273748360)--Connection(330539551)--Thread(Thread[Test worker,5,main])--SELECT userId, allowMultipleLogin, changePasswordNextLogin, genTempOneTimePassword, isDeleted, isLocked, lastPasswordChangeDate, multiFactorAuthEnabled, passwordAlgo, passwordExpiryDate, sessionTimeout, userAccessCode, userAccessDomainId, userAccessLevelId, versionId, createdBy, createdDate, updatedBy, updatedDate, activeStatus, txnAccessCode FROM ast_User_T WHERE (userId = ?)
	bind => [AEE432D4-C2E4-4BBB-B7C9-3B6ABE471C2C]
[EL Fine]: sql: 2016-03-14 11:45:45.56--ClientSession(273748360)--Connection(330539551)--Thread(Thread[Test worker,5,main])--SELECT userDataId, last5Passwords, oneTimePassword, oneTimePasswordExpiry, oneTimePasswordGenDate, password, versionId, createdBy, createdDate, updatedBy, updatedDate, activeStatus, txnAccessCode, userId FROM ast_UserData_TP WHERE (userId = ?)
	bind => [AEE432D4-C2E4-4BBB-B7C9-3B6ABE471C2C]
Setting logged in user info for UPDATE
Setting logged in user info for UPDATE
[EL Fine]: sql: 2016-03-14 11:45:45.564--ServerSession(1540159731)--Connection(330539551)--Thread(Thread[Test worker,5,main])--SELECT t1.addressId, t1.address1, t1.address2, t1.address3, t1.addressLabel, t1.addressTypeId, t1.cityId, t1.countryId, t1.latitude, t1.longitude, t1.stateId, t1.versionId, t1.zipcode, t1.createdBy, t1.createdDate, t1.updatedBy, t1.updatedDate, t1.activeStatus, t1.txnAccessCode FROM ast_AddressMap_B t0, ast_Address_T t1 WHERE ((t0.contactId = ?) AND (t1.addressId = t0.addressId))
	bind => [656E7D7C-ECB7-454A-B157-5205DBCDE494]
Setting logged in user info for UPDATE
[EL Fine]: sql: 2016-03-14 11:45:45.566--ServerSession(1540159731)--Connection(330539551)--Thread(Thread[Test worker,5,main])--SELECT t1.commDataId, t1.commData, t1.commGroupId, t1.commType, t1.versionId, t1.createdBy, t1.createdDate, t1.updatedBy, t1.updatedDate, t1.activeStatus, t1.txnAccessCode FROM ast_CommunicationMap_B t0, ast_CommunicationData_TP t1 WHERE ((t0.contactId = ?) AND (t1.commDataId = t0.commDataId))
	bind => [656E7D7C-ECB7-454A-B157-5205DBCDE494]
Setting logged in user info for UPDATE
Setting logged in user info for UPDATE
Setting logged in user info for UPDATE
[EL Fine]: sql: 2016-03-14 11:45:45.568--ServerSession(1540159731)--Connection(330539551)--Thread(Thread[Test worker,5,main])--SELECT passRecoveryId, answer, questionId, versionId, createdBy, createdDate, updatedBy, updatedDate, activeStatus, txnAccessCode, userId FROM ast_PassRecovery_TP WHERE (userId = ?)
	bind => [AEE432D4-C2E4-4BBB-B7C9-3B6ABE471C2C]
Setting logged in user info for UPDATE
[EL Fine]: sql: 2016-03-14 11:45:45.574--ClientSession(1765065323)--Connection(330539551)--Thread(Thread[Test worker,5,main])--SELECT loginPk, failedLoginAttempts, loginId, serverAuthImage, serverAuthText, versionId, createdBy, createdDate, updatedBy, updatedDate, activeStatus, txnAccessCode, contactId, userId FROM ast_Login_T WHERE (loginPk = ?)
	bind => [CF64B4B7-9B37-476F-ADCF-D1323C08FBB7]
[EL Fine]: sql: 2016-03-14 11:45:45.575--ClientSession(1765065323)--Connection(330539551)--Thread(Thread[Test worker,5,main])--SELECT contactId, age, approximateDOB, dateofbirth, emailId, firstName, genderId, lastName, middleName, nativeFirstName, nativeLanguageCode, nativeLastName, nativeMiddleName, nativeTitle, phoneNumber, titleId, versionId, createdBy, createdDate, updatedBy, updatedDate, activeStatus, txnAccessCode, timeZoneId FROM ast_CoreContacts_T WHERE (contactId = ?)
	bind => [656E7D7C-ECB7-454A-B157-5205DBCDE494]
[EL Fine]: sql: 2016-03-14 11:45:45.576--ClientSession(1765065323)--Connection(330539551)--Thread(Thread[Test worker,5,main])--SELECT timeZoneId, cities, country, gmtLabel, timeZoneLabel, utcdifference, versionId, createdBy, createdDate, updatedBy, updatedDate, activeStatus, txnAccessCode FROM ast_Timezone_M WHERE (timeZoneId = ?)
	bind => [9F18610F-F52C-4C7D-8109-7BE4B6EE6276]
[EL Fine]: sql: 2016-03-14 11:45:45.578--ClientSession(1765065323)--Connection(330539551)--Thread(Thread[Test worker,5,main])--SELECT userId, allowMultipleLogin, changePasswordNextLogin, genTempOneTimePassword, isDeleted, isLocked, lastPasswordChangeDate, multiFactorAuthEnabled, passwordAlgo, passwordExpiryDate, sessionTimeout, userAccessCode, userAccessDomainId, userAccessLevelId, versionId, createdBy, createdDate, updatedBy, updatedDate, activeStatus, txnAccessCode FROM ast_User_T WHERE (userId = ?)
	bind => [AEE432D4-C2E4-4BBB-B7C9-3B6ABE471C2C]
[EL Fine]: sql: 2016-03-14 11:45:45.579--ClientSession(1765065323)--Connection(330539551)--Thread(Thread[Test worker,5,main])--SELECT userDataId, last5Passwords, oneTimePassword, oneTimePasswordExpiry, oneTimePasswordGenDate, password, versionId, createdBy, createdDate, updatedBy, updatedDate, activeStatus, txnAccessCode, userId FROM ast_UserData_TP WHERE (userId = ?)
	bind => [AEE432D4-C2E4-4BBB-B7C9-3B6ABE471C2C]
[EL Fine]: sql: 2016-03-14 11:45:45.58--ClientSession(1765065323)--Connection(330539551)--Thread(Thread[Test worker,5,main])--SELECT t1.addressId, t1.address1, t1.address2, t1.address3, t1.addressLabel, t1.addressTypeId, t1.cityId, t1.countryId, t1.latitude, t1.longitude, t1.stateId, t1.versionId, t1.zipcode, t1.createdBy, t1.createdDate, t1.updatedBy, t1.updatedDate, t1.activeStatus, t1.txnAccessCode FROM ast_AddressMap_B t0, ast_Address_T t1 WHERE ((t0.contactId = ?) AND (t1.addressId = t0.addressId))
	bind => [656E7D7C-ECB7-454A-B157-5205DBCDE494]
[EL Fine]: sql: 2016-03-14 11:45:45.582--ClientSession(1765065323)--Connection(330539551)--Thread(Thread[Test worker,5,main])--SELECT t1.commDataId, t1.commData, t1.commGroupId, t1.commType, t1.versionId, t1.createdBy, t1.createdDate, t1.updatedBy, t1.updatedDate, t1.activeStatus, t1.txnAccessCode FROM ast_CommunicationMap_B t0, ast_CommunicationData_TP t1 WHERE ((t0.contactId = ?) AND (t1.commDataId = t0.commDataId))
	bind => [656E7D7C-ECB7-454A-B157-5205DBCDE494]
[EL Fine]: sql: 2016-03-14 11:45:45.583--ClientSession(1765065323)--Connection(330539551)--Thread(Thread[Test worker,5,main])--SELECT passRecoveryId, answer, questionId, versionId, createdBy, createdDate, updatedBy, updatedDate, activeStatus, txnAccessCode, userId FROM ast_PassRecovery_TP WHERE (userId = ?)
	bind => [AEE432D4-C2E4-4BBB-B7C9-3B6ABE471C2C]
[EL Fine]: sql: 2016-03-14 11:45:45.586--ClientSession(1765065323)--Connection(330539551)--Thread(Thread[Test worker,5,main])--UPDATE ast_CoreContacts_T SET updatedBy = ?, versionId = ? WHERE ((contactId = ?) AND (versionId = ?))
	bind => [AAAAA, 2, 656E7D7C-ECB7-454A-B157-5205DBCDE494, 1]
[EL Fine]: sql: 2016-03-14 11:45:45.588--ClientSession(1765065323)--Connection(330539551)--Thread(Thread[Test worker,5,main])--UPDATE ast_User_T SET updatedBy = ?, versionId = ? WHERE ((userId = ?) AND (versionId = ?))
	bind => [AAAAA, 2, AEE432D4-C2E4-4BBB-B7C9-3B6ABE471C2C, 1]
[EL Fine]: sql: 2016-03-14 11:45:45.589--ClientSession(1765065323)--Connection(330539551)--Thread(Thread[Test worker,5,main])--UPDATE ast_Login_T SET failedLoginAttempts = ?, loginId = ?, serverAuthImage = ?, serverAuthText = ?, updatedBy = ?, versionId = ? WHERE ((loginPk = ?) AND (versionId = ?))
	bind => [1, mQE1w6bKgRPs6gzYAEldILyo1kYMk73VmUz0cSFEZh4ruf6uUS, byaanpPP6fwCT9kl7HIqtPvakjH1wM40, zQUAUqTmd03c8lax, AAAAA, 2, CF64B4B7-9B37-476F-ADCF-D1323C08FBB7, 1]
[EL Fine]: sql: 2016-03-14 11:45:45.59--ClientSession(1765065323)--Connection(330539551)--Thread(Thread[Test worker,5,main])--UPDATE ast_PassRecovery_TP SET updatedBy = ?, versionId = ? WHERE ((passRecoveryId = ?) AND (versionId = ?))
	bind => [AAAAA, 2, 775809A8-06DF-497E-8F7E-1C8F1D27ED72, 1]
[EL Fine]: sql: 2016-03-14 11:45:45.592--ClientSession(1765065323)--Connection(330539551)--Thread(Thread[Test worker,5,main])--UPDATE ast_UserData_TP SET updatedBy = ?, versionId = ? WHERE ((userDataId = ?) AND (versionId = ?))
	bind => [AAAAA, 2, 344FDE61-BD26-4E59-8571-08ED53B7A687, 1]
[EL Fine]: sql: 2016-03-14 11:45:45.593--ClientSession(1765065323)--Connection(330539551)--Thread(Thread[Test worker,5,main])--UPDATE ast_CommunicationData_TP SET updatedBy = ?, versionId = ? WHERE ((commDataId = ?) AND (versionId = ?))
	bind => [AAAAA, 2, 64DA8989-3805-4475-9F36-C0A9B498D80F, 1]
[EL Fine]: sql: 2016-03-14 11:45:45.595--ClientSession(1765065323)--Connection(330539551)--Thread(Thread[Test worker,5,main])--UPDATE ast_Address_T SET updatedBy = ?, versionId = ? WHERE ((addressId = ?) AND (versionId = ?))
	bind => [AAAAA, 2, 54CA3801-ED12-4FDC-9540-CC2807C78737, 1]
[EL Fine]: sql: 2016-03-14 11:45:45.653--ClientSession(729584682)--Connection(330539551)--Thread(Thread[Test worker,5,main])--SELECT loginPk, failedLoginAttempts, loginId, serverAuthImage, serverAuthText, versionId, createdBy, createdDate, updatedBy, updatedDate, activeStatus, txnAccessCode, contactId, userId FROM ast_Login_T WHERE ((activeStatus = ?) AND (loginPk = ?))
	bind => [1, CF64B4B7-9B37-476F-ADCF-D1323C08FBB7]
[EL Fine]: sql: 2016-03-14 11:45:45.655--ClientSession(729584682)--Connection(330539551)--Thread(Thread[Test worker,5,main])--SELECT contactId, age, approximateDOB, dateofbirth, emailId, firstName, genderId, lastName, middleName, nativeFirstName, nativeLanguageCode, nativeLastName, nativeMiddleName, nativeTitle, phoneNumber, titleId, versionId, createdBy, createdDate, updatedBy, updatedDate, activeStatus, txnAccessCode, timeZoneId FROM ast_CoreContacts_T WHERE (contactId = ?)
	bind => [656E7D7C-ECB7-454A-B157-5205DBCDE494]
[EL Fine]: sql: 2016-03-14 11:45:45.656--ClientSession(729584682)--Connection(330539551)--Thread(Thread[Test worker,5,main])--SELECT timeZoneId, cities, country, gmtLabel, timeZoneLabel, utcdifference, versionId, createdBy, createdDate, updatedBy, updatedDate, activeStatus, txnAccessCode FROM ast_Timezone_M WHERE (timeZoneId = ?)
	bind => [9F18610F-F52C-4C7D-8109-7BE4B6EE6276]
[EL Fine]: sql: 2016-03-14 11:45:45.658--ClientSession(729584682)--Connection(330539551)--Thread(Thread[Test worker,5,main])--SELECT userId, allowMultipleLogin, changePasswordNextLogin, genTempOneTimePassword, isDeleted, isLocked, lastPasswordChangeDate, multiFactorAuthEnabled, passwordAlgo, passwordExpiryDate, sessionTimeout, userAccessCode, userAccessDomainId, userAccessLevelId, versionId, createdBy, createdDate, updatedBy, updatedDate, activeStatus, txnAccessCode FROM ast_User_T WHERE (userId = ?)
	bind => [AEE432D4-C2E4-4BBB-B7C9-3B6ABE471C2C]
[EL Fine]: sql: 2016-03-14 11:45:45.659--ClientSession(729584682)--Connection(330539551)--Thread(Thread[Test worker,5,main])--SELECT userDataId, last5Passwords, oneTimePassword, oneTimePasswordExpiry, oneTimePasswordGenDate, password, versionId, createdBy, createdDate, updatedBy, updatedDate, activeStatus, txnAccessCode, userId FROM ast_UserData_TP WHERE (userId = ?)
	bind => [AEE432D4-C2E4-4BBB-B7C9-3B6ABE471C2C]
[EL Fine]: sql: 2016-03-14 11:45:45.673--ClientSession(1701697952)--Connection(330539551)--Thread(Thread[Test worker,5,main])--SELECT loginPk, failedLoginAttempts, loginId, serverAuthImage, serverAuthText, versionId, createdBy, createdDate, updatedBy, updatedDate, activeStatus, txnAccessCode, contactId, userId FROM ast_Login_T WHERE (loginPk = ?)
	bind => [CF64B4B7-9B37-476F-ADCF-D1323C08FBB7]
[EL Fine]: sql: 2016-03-14 11:45:45.677--ClientSession(1701697952)--Connection(330539551)--Thread(Thread[Test worker,5,main])--SELECT contactId, age, approximateDOB, dateofbirth, emailId, firstName, genderId, lastName, middleName, nativeFirstName, nativeLanguageCode, nativeLastName, nativeMiddleName, nativeTitle, phoneNumber, titleId, versionId, createdBy, createdDate, updatedBy, updatedDate, activeStatus, txnAccessCode, timeZoneId FROM ast_CoreContacts_T WHERE (contactId = ?)
	bind => [656E7D7C-ECB7-454A-B157-5205DBCDE494]
[EL Fine]: sql: 2016-03-14 11:45:45.679--ClientSession(1701697952)--Connection(330539551)--Thread(Thread[Test worker,5,main])--SELECT timeZoneId, cities, country, gmtLabel, timeZoneLabel, utcdifference, versionId, createdBy, createdDate, updatedBy, updatedDate, activeStatus, txnAccessCode FROM ast_Timezone_M WHERE (timeZoneId = ?)
	bind => [9F18610F-F52C-4C7D-8109-7BE4B6EE6276]
[EL Fine]: sql: 2016-03-14 11:45:45.68--ClientSession(1701697952)--Connection(330539551)--Thread(Thread[Test worker,5,main])--SELECT userId, allowMultipleLogin, changePasswordNextLogin, genTempOneTimePassword, isDeleted, isLocked, lastPasswordChangeDate, multiFactorAuthEnabled, passwordAlgo, passwordExpiryDate, sessionTimeout, userAccessCode, userAccessDomainId, userAccessLevelId, versionId, createdBy, createdDate, updatedBy, updatedDate, activeStatus, txnAccessCode FROM ast_User_T WHERE (userId = ?)
	bind => [AEE432D4-C2E4-4BBB-B7C9-3B6ABE471C2C]
[EL Fine]: sql: 2016-03-14 11:45:45.681--ClientSession(1701697952)--Connection(330539551)--Thread(Thread[Test worker,5,main])--SELECT userDataId, last5Passwords, oneTimePassword, oneTimePasswordExpiry, oneTimePasswordGenDate, password, versionId, createdBy, createdDate, updatedBy, updatedDate, activeStatus, txnAccessCode, userId FROM ast_UserData_TP WHERE (userId = ?)
	bind => [AEE432D4-C2E4-4BBB-B7C9-3B6ABE471C2C]
[EL Fine]: sql: 2016-03-14 11:45:45.683--ClientSession(1701697952)--Connection(330539551)--Thread(Thread[Test worker,5,main])--SELECT t1.addressId, t1.address1, t1.address2, t1.address3, t1.addressLabel, t1.addressTypeId, t1.cityId, t1.countryId, t1.latitude, t1.longitude, t1.stateId, t1.versionId, t1.zipcode, t1.createdBy, t1.createdDate, t1.updatedBy, t1.updatedDate, t1.activeStatus, t1.txnAccessCode FROM ast_AddressMap_B t0, ast_Address_T t1 WHERE ((t0.contactId = ?) AND (t1.addressId = t0.addressId))
	bind => [656E7D7C-ECB7-454A-B157-5205DBCDE494]
[EL Fine]: sql: 2016-03-14 11:45:45.684--ClientSession(1701697952)--Connection(330539551)--Thread(Thread[Test worker,5,main])--SELECT t1.commDataId, t1.commData, t1.commGroupId, t1.commType, t1.versionId, t1.createdBy, t1.createdDate, t1.updatedBy, t1.updatedDate, t1.activeStatus, t1.txnAccessCode FROM ast_CommunicationMap_B t0, ast_CommunicationData_TP t1 WHERE ((t0.contactId = ?) AND (t1.commDataId = t0.commDataId))
	bind => [656E7D7C-ECB7-454A-B157-5205DBCDE494]
[EL Fine]: sql: 2016-03-14 11:45:45.686--ClientSession(1701697952)--Connection(330539551)--Thread(Thread[Test worker,5,main])--SELECT passRecoveryId, answer, questionId, versionId, createdBy, createdDate, updatedBy, updatedDate, activeStatus, txnAccessCode, userId FROM ast_PassRecovery_TP WHERE (userId = ?)
	bind => [AEE432D4-C2E4-4BBB-B7C9-3B6ABE471C2C]
[EL Fine]: sql: 2016-03-14 11:45:45.689--ClientSession(1701697952)--Connection(330539551)--Thread(Thread[Test worker,5,main])--DELETE FROM ast_AddressMap_B WHERE (contactId = ?)
	bind => [656E7D7C-ECB7-454A-B157-5205DBCDE494]
[EL Fine]: sql: 2016-03-14 11:45:45.69--ClientSession(1701697952)--Connection(330539551)--Thread(Thread[Test worker,5,main])--DELETE FROM ast_CommunicationMap_B WHERE (contactId = ?)
	bind => [656E7D7C-ECB7-454A-B157-5205DBCDE494]
[EL Fine]: sql: 2016-03-14 11:45:45.691--ClientSession(1701697952)--Connection(330539551)--Thread(Thread[Test worker,5,main])--DELETE FROM ast_Address_T WHERE ((addressId = ?) AND (versionId = ?))
	bind => [54CA3801-ED12-4FDC-9540-CC2807C78737, 2]
[EL Fine]: sql: 2016-03-14 11:45:45.692--ClientSession(1701697952)--Connection(330539551)--Thread(Thread[Test worker,5,main])--DELETE FROM ast_CommunicationData_TP WHERE ((commDataId = ?) AND (versionId = ?))
	bind => [64DA8989-3805-4475-9F36-C0A9B498D80F, 2]
[EL Fine]: sql: 2016-03-14 11:45:45.693--ClientSession(1701697952)--Connection(330539551)--Thread(Thread[Test worker,5,main])--DELETE FROM ast_UserData_TP WHERE ((userDataId = ?) AND (versionId = ?))
	bind => [344FDE61-BD26-4E59-8571-08ED53B7A687, 2]
[EL Fine]: sql: 2016-03-14 11:45:45.694--ClientSession(1701697952)--Connection(330539551)--Thread(Thread[Test worker,5,main])--DELETE FROM ast_PassRecovery_TP WHERE ((passRecoveryId = ?) AND (versionId = ?))
	bind => [775809A8-06DF-497E-8F7E-1C8F1D27ED72, 2]
[EL Fine]: sql: 2016-03-14 11:45:45.695--ClientSession(1701697952)--Connection(330539551)--Thread(Thread[Test worker,5,main])--DELETE FROM ast_Login_T WHERE ((loginPk = ?) AND (versionId = ?))
	bind => [CF64B4B7-9B37-476F-ADCF-D1323C08FBB7, 2]
[EL Fine]: sql: 2016-03-14 11:45:45.697--ClientSession(1701697952)--Connection(330539551)--Thread(Thread[Test worker,5,main])--DELETE FROM ast_User_T WHERE ((userId = ?) AND (versionId = ?))
	bind => [AEE432D4-C2E4-4BBB-B7C9-3B6ABE471C2C, 2]
[EL Fine]: sql: 2016-03-14 11:45:45.806--ClientSession(1701697952)--Connection(330539551)--Thread(Thread[Test worker,5,main])--DELETE FROM ast_CoreContacts_T WHERE ((contactId = ?) AND (versionId = ?))
	bind => [656E7D7C-ECB7-454A-B157-5205DBCDE494, 2]
[EL Fine]: sql: 2016-03-14 11:45:45.889--ClientSession(1697489377)--Connection(330539551)--Thread(Thread[Test worker,5,main])--SELECT questionId, levelid, question, questionDetails, questionIcon, versionId, createdBy, createdDate, updatedBy, updatedDate, activeStatus, txnAccessCode FROM ast_Question_M WHERE (questionId = ?)
	bind => [8069EE0B-CCE0-41AE-A528-6E3B276439F7]
[EL Fine]: sql: 2016-03-14 11:45:45.891--ClientSession(1697489377)--Connection(330539551)--Thread(Thread[Test worker,5,main])--DELETE FROM ast_Question_M WHERE ((questionId = ?) AND (versionId = ?))
	bind => [8069EE0B-CCE0-41AE-A528-6E3B276439F7, 1]
[EL Fine]: sql: 2016-03-14 11:45:45.945--ClientSession(389305834)--Connection(330539551)--Thread(Thread[Test worker,5,main])--SELECT userAccessLevelId, levelDescription, levelHelp, levelIcon, levelName, userAccessLevel, versionId, createdBy, createdDate, updatedBy, updatedDate, activeStatus, txnAccessCode FROM ast_UserAccessLevel_M WHERE (userAccessLevelId = ?)
	bind => [3E0B8F11-272D-4EDC-ABBA-054F4B924CBD]
[EL Fine]: sql: 2016-03-14 11:45:45.948--ClientSession(389305834)--Connection(330539551)--Thread(Thread[Test worker,5,main])--DELETE FROM ast_UserAccessLevel_M WHERE ((userAccessLevelId = ?) AND (versionId = ?))
	bind => [3E0B8F11-272D-4EDC-ABBA-054F4B924CBD, 1]
[EL Fine]: sql: 2016-03-14 11:45:46.006--ClientSession(691561800)--Connection(330539551)--Thread(Thread[Test worker,5,main])--SELECT userAccessDomainId, domainDescription, domainHelp, domainIcon, domainName, userAccessDomain, versionId, createdBy, createdDate, updatedBy, updatedDate, activeStatus, txnAccessCode FROM ast_UserAccessDomain_M WHERE (userAccessDomainId = ?)
	bind => [7E62AAB3-7D0D-4663-BDF5-E97591C0550E]
[EL Fine]: sql: 2016-03-14 11:45:46.009--ClientSession(691561800)--Connection(330539551)--Thread(Thread[Test worker,5,main])--DELETE FROM ast_UserAccessDomain_M WHERE ((userAccessDomainId = ?) AND (versionId = ?))
	bind => [7E62AAB3-7D0D-4663-BDF5-E97591C0550E, 1]
[EL Fine]: sql: 2016-03-14 11:45:46.058--ClientSession(202644514)--Connection(330539551)--Thread(Thread[Test worker,5,main])--SELECT commType, commGroupId, commTypeDescription, commTypeName, versionId, createdBy, createdDate, updatedBy, updatedDate, activeStatus, txnAccessCode FROM ast_CommunicationType_M WHERE (commType = ?)
	bind => [C7AE777D-8C56-42EA-B1CF-DB0EA1F3A9E6]
[EL Fine]: sql: 2016-03-14 11:45:46.06--ClientSession(202644514)--Connection(330539551)--Thread(Thread[Test worker,5,main])--DELETE FROM ast_CommunicationType_M WHERE ((commType = ?) AND (versionId = ?))
	bind => [C7AE777D-8C56-42EA-B1CF-DB0EA1F3A9E6, 1]
[EL Fine]: sql: 2016-03-14 11:45:46.123--ClientSession(850014168)--Connection(330539551)--Thread(Thread[Test worker,5,main])--SELECT commGroupId, commGroupDescription, commGroupName, versionId, createdBy, createdDate, updatedBy, updatedDate, activeStatus, txnAccessCode FROM ast_CommunicationGroup_M WHERE (commGroupId = ?)
	bind => [998D5C8A-B82D-4D55-B1B7-EE89F35C1AC7]
[EL Fine]: sql: 2016-03-14 11:45:46.125--ClientSession(850014168)--Connection(330539551)--Thread(Thread[Test worker,5,main])--DELETE FROM ast_CommunicationGroup_M WHERE ((commGroupId = ?) AND (versionId = ?))
	bind => [998D5C8A-B82D-4D55-B1B7-EE89F35C1AC7, 1]
[EL Fine]: sql: 2016-03-14 11:45:46.198--ClientSession(494827433)--Connection(330539551)--Thread(Thread[Test worker,5,main])--SELECT addressTypeId, addressType, addressTypeDesc, addressTypeIcon, versionId, createdBy, createdDate, updatedBy, updatedDate, activeStatus, txnAccessCode FROM ast_AddressType_M WHERE (addressTypeId = ?)
	bind => [908595CA-634A-4658-B696-19E14785E0CC]
[EL Fine]: sql: 2016-03-14 11:45:46.201--ClientSession(494827433)--Connection(330539551)--Thread(Thread[Test worker,5,main])--DELETE FROM ast_AddressType_M WHERE ((addressTypeId = ?) AND (versionId = ?))
	bind => [908595CA-634A-4658-B696-19E14785E0CC, 1]
[EL Fine]: sql: 2016-03-14 11:45:46.3--ClientSession(116952288)--Connection(330539551)--Thread(Thread[Test worker,5,main])--SELECT cityId, cityCode, cityCodeChar2, cityDescription, cityFlag, cityLatitude, cityLongitude, cityName, countryId, stateId, versionId, createdBy, createdDate, updatedBy, updatedDate, activeStatus, txnAccessCode FROM ast_City_M WHERE (cityId = ?)
	bind => [45A88207-BDAE-40CC-8D9C-F4F7A4AC8047]
[EL Fine]: sql: 2016-03-14 11:45:46.302--ClientSession(116952288)--Connection(330539551)--Thread(Thread[Test worker,5,main])--DELETE FROM ast_City_M WHERE ((cityId = ?) AND (versionId = ?))
	bind => [45A88207-BDAE-40CC-8D9C-F4F7A4AC8047, 1]
[EL Fine]: sql: 2016-03-14 11:45:46.346--ClientSession(1977295731)--Connection(330539551)--Thread(Thread[Test worker,5,main])--SELECT stateId, countryId, stateCapital, stateCapitalLatitude, stateCapitalLongitude, stateCode, stateCodeChar2, stateCodeChar3, stateDescription, stateFlag, stateName, versionId, createdBy, createdDate, updatedBy, updatedDate, activeStatus, txnAccessCode FROM ast_State_M WHERE (stateId = ?)
	bind => [8BC76C70-56DF-475A-A20F-801BFF512578]
[EL Fine]: sql: 2016-03-14 11:45:46.348--ClientSession(1977295731)--Connection(330539551)--Thread(Thread[Test worker,5,main])--DELETE FROM ast_State_M WHERE ((stateId = ?) AND (versionId = ?))
	bind => [8BC76C70-56DF-475A-A20F-801BFF512578, 1]
[EL Fine]: sql: 2016-03-14 11:45:46.386--ClientSession(102642448)--Connection(330539551)--Thread(Thread[Test worker,5,main])--SELECT countryId, capital, capitalLatitude, capitalLongitude, countryCode1, countryCode2, countryFlag, countryName, currencyCode, currencyName, currencySymbol, isoNumeric, versionId, createdBy, createdDate, updatedBy, updatedDate, activeStatus, txnAccessCode FROM ast_Country_M WHERE (countryId = ?)
	bind => [FB3441EB-2103-4D6A-8387-BB5EC0151878]
[EL Fine]: sql: 2016-03-14 11:45:46.389--ClientSession(102642448)--Connection(330539551)--Thread(Thread[Test worker,5,main])--DELETE FROM ast_Country_M WHERE ((countryId = ?) AND (versionId = ?))
	bind => [FB3441EB-2103-4D6A-8387-BB5EC0151878, 1]
[EL Fine]: sql: 2016-03-14 11:45:46.43--ClientSession(1181103916)--Connection(330539551)--Thread(Thread[Test worker,5,main])--SELECT timeZoneId, cities, country, gmtLabel, timeZoneLabel, utcdifference, versionId, createdBy, createdDate, updatedBy, updatedDate, activeStatus, txnAccessCode FROM ast_Timezone_M WHERE (timeZoneId = ?)
	bind => [9F18610F-F52C-4C7D-8109-7BE4B6EE6276]
[EL Fine]: sql: 2016-03-14 11:45:46.432--ClientSession(1181103916)--Connection(330539551)--Thread(Thread[Test worker,5,main])--DELETE FROM ast_Timezone_M WHERE ((timeZoneId = ?) AND (versionId = ?))
	bind => [9F18610F-F52C-4C7D-8109-7BE4B6EE6276, 1]
[EL Fine]: sql: 2016-03-14 11:45:46.488--ClientSession(667296951)--Connection(330539551)--Thread(Thread[Test worker,5,main])--SELECT genderId, gender, versionId, createdBy, createdDate, updatedBy, updatedDate, activeStatus, txnAccessCode FROM ast_Gender_M WHERE (genderId = ?)
	bind => [8B8A3A97-5336-486D-8A52-AA4829C14D7D]
[EL Fine]: sql: 2016-03-14 11:45:46.491--ClientSession(667296951)--Connection(330539551)--Thread(Thread[Test worker,5,main])--DELETE FROM ast_Gender_M WHERE ((genderId = ?) AND (versionId = ?))
	bind => [8B8A3A97-5336-486D-8A52-AA4829C14D7D, 1]
[EL Fine]: sql: 2016-03-14 11:45:46.554--ClientSession(2122955160)--Connection(330539551)--Thread(Thread[Test worker,5,main])--SELECT languageId, alpha2, alpha3, alpha4, alpha4parentid, language, languageDescription, languageIcon, languageType, versionId, createdBy, createdDate, updatedBy, updatedDate, activeStatus, txnAccessCode FROM ast_Language_M WHERE (languageId = ?)
	bind => [D365EA8D-50DF-4466-B4DA-237BCB756C7D]
[EL Fine]: sql: 2016-03-14 11:45:46.557--ClientSession(2122955160)--Connection(330539551)--Thread(Thread[Test worker,5,main])--DELETE FROM ast_Language_M WHERE ((languageId = ?) AND (versionId = ?))
	bind => [D365EA8D-50DF-4466-B4DA-237BCB756C7D, 1]
[EL Fine]: sql: 2016-03-14 11:45:46.619--ClientSession(1509314539)--Connection(330539551)--Thread(Thread[Test worker,5,main])--SELECT titleId, titles, versionId, createdBy, createdDate, updatedBy, updatedDate, activeStatus, txnAccessCode FROM ast_Title_M WHERE (titleId = ?)
	bind => [8AB172D6-22CC-4C62-A229-4006DF3F63EB]
[EL Fine]: sql: 2016-03-14 11:45:46.621--ClientSession(1509314539)--Connection(330539551)--Thread(Thread[Test worker,5,main])--DELETE FROM ast_Title_M WHERE ((titleId = ?) AND (versionId = ?))
	bind => [8AB172D6-22CC-4C62-A229-4006DF3F63EB, 1]
[EL Fine]: sql: 2016-03-14 11:45:46.716--ClientSession(303668975)--Connection(330539551)--Thread(Thread[Test worker,5,main])--SELECT t0.loginPk, t0.failedLoginAttempts, t0.loginId, t0.serverAuthImage, t0.serverAuthText, t0.versionId, t0.createdBy, t0.createdDate, t0.updatedBy, t0.updatedDate, t0.activeStatus, t0.txnAccessCode, t0.contactId, t0.userId FROM ast_Login_T t0, ast_User_T t1 WHERE (((t0.activeStatus = ?) AND t1.userId IN (SELECT t2.userId FROM ast_UserRoleBridge_T t2)) AND (t1.userId = t0.userId))
	bind => [1]
[EL Fine]: sql: 2016-03-14 11:45:46.718--ClientSession(303668975)--Connection(330539551)--Thread(Thread[Test worker,5,main])--SELECT contactId, age, approximateDOB, dateofbirth, emailId, firstName, genderId, lastName, middleName, nativeFirstName, nativeLanguageCode, nativeLastName, nativeMiddleName, nativeTitle, phoneNumber, titleId, versionId, createdBy, createdDate, updatedBy, updatedDate, activeStatus, txnAccessCode, timeZoneId FROM ast_CoreContacts_T WHERE (contactId = ?)
	bind => [A06E9BF3-74EB-4D67-9CB1-998AE709C645]
[EL Fine]: sql: 2016-03-14 11:45:46.719--ClientSession(303668975)--Connection(330539551)--Thread(Thread[Test worker,5,main])--SELECT timeZoneId, cities, country, gmtLabel, timeZoneLabel, utcdifference, versionId, createdBy, createdDate, updatedBy, updatedDate, activeStatus, txnAccessCode FROM ast_Timezone_M WHERE (timeZoneId = ?)
	bind => [B87E5A41-C0D2-4114-9FDD-9B5BD10FC9C4]
[EL Fine]: sql: 2016-03-14 11:45:46.721--ClientSession(303668975)--Connection(330539551)--Thread(Thread[Test worker,5,main])--SELECT userId, allowMultipleLogin, changePasswordNextLogin, genTempOneTimePassword, isDeleted, isLocked, lastPasswordChangeDate, multiFactorAuthEnabled, passwordAlgo, passwordExpiryDate, sessionTimeout, userAccessCode, userAccessDomainId, userAccessLevelId, versionId, createdBy, createdDate, updatedBy, updatedDate, activeStatus, txnAccessCode FROM ast_User_T WHERE (userId = ?)
	bind => [18D01ABF-F632-496A-B379-FC50EDEAB8C0]
[EL Fine]: sql: 2016-03-14 11:45:46.723--ClientSession(303668975)--Connection(330539551)--Thread(Thread[Test worker,5,main])--SELECT userDataId, last5Passwords, oneTimePassword, oneTimePasswordExpiry, oneTimePasswordGenDate, password, versionId, createdBy, createdDate, updatedBy, updatedDate, activeStatus, txnAccessCode, userId FROM ast_UserData_TP WHERE (userId = ?)
	bind => [18D01ABF-F632-496A-B379-FC50EDEAB8C0]
[EL Fine]: sql: 2016-03-14 11:45:46.743--ClientSession(892114734)--Connection(330539551)--Thread(Thread[Test worker,5,main])--SELECT t0.loginPk, t0.failedLoginAttempts, t0.loginId, t0.serverAuthImage, t0.serverAuthText, t0.versionId, t0.createdBy, t0.createdDate, t0.updatedBy, t0.updatedDate, t0.activeStatus, t0.txnAccessCode, t0.contactId, t0.userId FROM ast_Login_T t0, ast_User_T t1 WHERE (((t0.activeStatus = ?) AND t1.userId NOT IN (SELECT t2.userId FROM ast_UserRoleBridge_T t2)) AND (t1.userId = t0.userId))
	bind => [1]
]]></system-out>
  <system-err><![CDATA[]]></system-err>
</testsuite>
